[01m[K/home/ros/catkin_ws/src/multiple_robots_slam/exploration/src/movement.cpp:150:2:[m[K [01;31m[Kerror: [m[Kexpected declaration before â€˜[01m[K}[m[Kâ€™ token
  }
[01;32m[K  ^[m[K
make[2]: *** [CMakeFiles/movement.dir/src/movement.cpp.o] ã‚¨ãƒ©ãƒ¼ 1
make[1]: *** [CMakeFiles/movement.dir/all] ã‚¨ãƒ©ãƒ¼ 2
make: *** [all] ã‚¨ãƒ©ãƒ¼ 2
