make[2]: *** ターゲット 'CMakeFiles/branch_detection_ver2.dir/build' を make するルールがありません.  中止.
make[1]: *** [CMakeFiles/branch_detection_ver2.dir/all] エラー 2
make[1]: *** 未完了のジョブを待っています....
make: *** [all] エラー 2
