[01m[K/home/ros/catkin_ws/src/Efficiency_Multi_Robot/multi_planning_server/src/plan.cpp:[m[K In function â€˜[01m[Kint main(int, char**)[m[Kâ€™:
[01m[K/home/ros/catkin_ws/src/Efficiency_Multi_Robot/multi_planning_server/src/plan.cpp:349:14:[m[K [01;31m[Kerror: [m[Kâ€˜[01m[Kscalating[m[Kâ€™ was not declared in this scope
             {scalating to SIGTERM
[01;32m[K              ^[m[K
[01m[K/home/ros/catkin_ws/src/Efficiency_Multi_Robot/multi_planning_server/src/plan.cpp:386:1:[m[K [01;31m[Kerror: [m[Kexpected â€˜[01m[K}[m[Kâ€™ at end of input
 }
[01;32m[K ^[m[K
make[2]: *** [CMakeFiles/plan.dir/src/plan.cpp.o] ã‚¨ãƒ©ãƒ¼ 1
make[1]: *** [CMakeFiles/plan.dir/all] ã‚¨ãƒ©ãƒ¼ 2
make: *** [all] ã‚¨ãƒ©ãƒ¼ 2
